[35m[Appium][39m Welcome to Appium v1.22.1
[35m[Appium][39m Non-default server args:
[35m[Appium][39m   port: 64599
[35m[Appium][39m   loglevel: info
[35m[Appium][39m   tmpDir: C:\Users\BRI\AppData\Local\Temp\\Katalon\Appium\Temp1670509681738
[35m[Appium][39m   chromedriverPort: 64600
[35m[Appium][39m Deprecated server args:
[35m[Appium][39m   [31m--chromedriver-port[39m => --default-capabilities
[35m[Appium][39m Default capabilities, which will be added to each request unless overridden by desired capabilities:
[35m[Appium][39m   chromedriverPort: 64600
[35m[Appium][39m Appium REST http interface listener started on 0.0.0.0:64599
[35m[HTTP][39m [37m-->[39m [37mGET[39m [37m/wd/hub/status[39m
[35m[HTTP][39m [90m{}[39m
[35m[HTTP][39m [37m<-- GET /wd/hub/status [39m[32m200[39m [90m4 ms - 68[39m
[35m[HTTP][39m [90m[39m
[35m[HTTP][39m [37m-->[39m [37mGET[39m [37m/wd/hub/status[39m
[35m[HTTP][39m [90m{}[39m
[35m[HTTP][39m [37m<-- GET /wd/hub/status [39m[32m200[39m [90m1 ms - 68[39m
[35m[HTTP][39m [90m[39m
[35m[HTTP][39m [37m-->[39m [37mPOST[39m [37m/wd/hub/session[39m
[35m[HTTP][39m [90m{"desiredCapabilities":{"app":"C:\\Users\\BRI\\Katalon Studio\\assesment 3 - atika anis\\apk\\Solodroid_E-CommerceApp Demo_3.2.0.apk","noReset":true,"deviceName":"samsung SM-A750GN (Android 10)","fullReset":false,"platform":"ANDROID","newCommandTimeout":1800,"platformVersion":"10","automationName":"uiautomator2","autoGrantPermissions":true,"platformName":"Android","udid":"3200f8804a08b5d9","systemPort":64606},"capabilities":{"firstMatch":[{"appium:app":"C:\\Users\\BRI\\Katalon Studio\\assesment 3 - atika anis\\apk\\Solodroid_E-CommerceApp Demo_3.2.0.apk","appium:autoGrantPermissions":true,"appium:automationName":"uiautomator2","appium:deviceName":"samsung SM-A750GN (Android 10)","appium:fullReset":false,"appium:newCommandTimeout":1800,"appium:noReset":true,"platform":"ANDROID","platformName":"android","appium:platformVersion":"10","appium:systemPort":64606,"appium:udid":"3200f8804a08b5d9"}]}}[39m
[35m[BaseDriver][39m The following capabilities are not standard capabilities and should have an extension prefix:
[35m[BaseDriver][39m   platform
[35m[BaseDriver][39m   chromedriverPort
[35m[Appium][39m Appium v1.22.1 creating new AndroidUiautomator2Driver (v1.70.1) session
[35m[BaseDriver][39m The following capabilities were provided, but are not recognized by Appium:
[35m[BaseDriver][39m   platform
[35m[BaseDriver][39m Session created with session id: b3a581ca-8313-42f0-9663-047d7edb2fca
[35m[BaseDriver][39m Using local app 'C:\Users\BRI\Katalon Studio\assesment 3 - atika anis\apk\Solodroid_E-CommerceApp Demo_3.2.0.apk'
[35m[ADB][39m Found 1 'build-tools' folders under 'C:\Users\BRI\.katalon\tools\android_sdk' (newest first):
[35m[ADB][39m     C:/Users/BRI/.katalon/tools/android_sdk/build-tools/29.0.3
[35m[ADB][39m Using 'adb.exe' from 'C:\Users\BRI\.katalon\tools\android_sdk\platform-tools\adb.exe'
[35m[AndroidDriver][39m Retrieving device list
[35m[AndroidDriver][39m Using device: 3200f8804a08b5d9
[35m[ADB][39m Using 'adb.exe' from 'C:\Users\BRI\.katalon\tools\android_sdk\platform-tools\adb.exe'
[35m[ADB][39m Getting device platform version
[35m[UiAutomator2][39m Relaxing hidden api policy
[35m[ADB][39m Package name: 'com.solodroid.solomerce'
[35m[ADB][39m Main activity name: 'com.solodroid.solomerce.activities.ActivitySplash'
[35m[ADB][39m Using 'apksigner.jar' from 'C:\Users\BRI\.katalon\tools\android_sdk\build-tools\29.0.3\lib\apksigner.jar'
[35m[ADB][39m 'C:\Users\BRI\AppData\Roaming\npm\node_modules\appium\node_modules\appium-uiautomator2-server\apks\appium-uiautomator2-server-v4.27.0.apk' is signed with the default certificate
[35m[ADB][39m 'C:\Users\BRI\AppData\Roaming\npm\node_modules\appium\node_modules\appium-uiautomator2-server\apks\appium-uiautomator2-server-debug-androidTest.apk' is signed with the default certificate
[35m[UiAutomator2][39m Server packages are not going to be (re)installed
[35m[ADB][39m Adding packages ["io.appium.settings","io.appium.uiautomator2.server","io.appium.uiautomator2.server.test"] to Doze whitelist
[35m[ADB][39m 'C:\Users\BRI\Katalon Studio\assesment 3 - atika anis\apk\Solodroid_E-CommerceApp Demo_3.2.0.apk' is signed with a non-default certificate
[35m[UiAutomator2][39m Starting UIAutomator2 server 4.27.0
[35m[UiAutomator2][39m Using UIAutomator2 server from 'C:\Users\BRI\AppData\Roaming\npm\node_modules\appium\node_modules\appium-uiautomator2-server\apks\appium-uiautomator2-server-v4.27.0.apk' and test from 'C:\Users\BRI\AppData\Roaming\npm\node_modules\appium\node_modules\appium-uiautomator2-server\apks\appium-uiautomator2-server-debug-androidTest.apk'
[35m[UiAutomator2][39m Waiting up to 30000ms for UiAutomator2 to be online...
[35m[WD Proxy][39m socket hang up
[35m[WD Proxy][39m socket hang up
[35m[WD Proxy][39m socket hang up
[35m[WD Proxy][39m socket hang up
[35m[WD Proxy][39m socket hang up
[35m[WD Proxy][39m Determined the downstream protocol as 'W3C'
[35m[AndroidDriver][39m Screen already unlocked, doing nothing
[35m[UiAutomator2][39m Starting 'com.solodroid.solomerce/com.solodroid.solomerce.activities.ActivitySplash and waiting for 'com.solodroid.solomerce/com.solodroid.solomerce.activities.ActivitySplash'
[35m[Appium][39m New AndroidUiautomator2Driver session created successfully, session b3a581ca-8313-42f0-9663-047d7edb2fca added to master session list
[35m[HTTP][39m [37m<-- POST /wd/hub/session [39m[32m200[39m [90m13307 ms - 1383[39m
[35m[HTTP][39m [90m[39m
[35m[HTTP][39m [37m-->[39m [37mGET[39m [37m/wd/hub/session/b3a581ca-8313-42f0-9663-047d7edb2fca[39m
[35m[HTTP][39m [90m{}[39m
[35m[HTTP][39m [37m<-- GET /wd/hub/session/b3a581ca-8313-42f0-9663-047d7edb2fca [39m[32m200[39m [90m13 ms - 1337[39m
[35m[HTTP][39m [90m[39m
[35m[HTTP][39m [37m-->[39m [37mGET[39m [37m/wd/hub/session/b3a581ca-8313-42f0-9663-047d7edb2fca[39m
[35m[HTTP][39m [90m{}[39m
[35m[HTTP][39m [37m<-- GET /wd/hub/session/b3a581ca-8313-42f0-9663-047d7edb2fca [39m[32m200[39m [90m12 ms - 1337[39m
[35m[HTTP][39m [90m[39m
[35m[HTTP][39m [37m-->[39m [37mGET[39m [37m/wd/hub/status[39m
[35m[HTTP][39m [90m{}[39m
[35m[HTTP][39m [37m<-- GET /wd/hub/status [39m[32m200[39m [90m1 ms - 68[39m
[35m[HTTP][39m [90m[39m
[35m[HTTP][39m [37m-->[39m [37mPOST[39m [37m/wd/hub/session/b3a581ca-8313-42f0-9663-047d7edb2fca/timeouts[39m
[35m[HTTP][39m [90m{"implicit":60000}[39m
[35m[HTTP][39m [37m<-- POST /wd/hub/session/b3a581ca-8313-42f0-9663-047d7edb2fca/timeouts [39m[32m200[39m [90m2 ms - 14[39m
[35m[HTTP][39m [90m[39m
[35m[HTTP][39m [37m-->[39m [37mGET[39m [37m/wd/hub/session/b3a581ca-8313-42f0-9663-047d7edb2fca/source[39m
[35m[HTTP][39m [90m{}[39m
[35m[W3C (b3a581ca)][39m Driver proxy active, passing request on via HTTP proxy
[35m[WD Proxy][39m Replacing sessionId 907d7ff7-3ac5-4cae-ab1b-3d91b519eb29 with b3a581ca-8313-42f0-9663-047d7edb2fca
[35m[HTTP][39m [37m<-- GET /wd/hub/session/b3a581ca-8313-42f0-9663-047d7edb2fca/source [39m[32m200[39m [90m149 ms - 3679[39m
[35m[HTTP][39m [90m[39m
[35m[HTTP][39m [37m-->[39m [37mGET[39m [37m/wd/hub/session/b3a581ca-8313-42f0-9663-047d7edb2fca/screenshot[39m
[35m[HTTP][39m [90m{}[39m
[35m[HTTP][39m [37m<-- GET /wd/hub/session/b3a581ca-8313-42f0-9663-047d7edb2fca/screenshot [39m[32m200[39m [90m819 ms - 325536[39m
[35m[HTTP][39m [90m[39m
[35m[HTTP][39m [37m-->[39m [37mGET[39m [37m/wd/hub/session/b3a581ca-8313-42f0-9663-047d7edb2fca/source[39m
[35m[HTTP][39m [90m{}[39m
[35m[W3C (b3a581ca)][39m Driver proxy active, passing request on via HTTP proxy
[35m[WD Proxy][39m Replacing sessionId 907d7ff7-3ac5-4cae-ab1b-3d91b519eb29 with b3a581ca-8313-42f0-9663-047d7edb2fca
[35m[HTTP][39m [37m<-- GET /wd/hub/session/b3a581ca-8313-42f0-9663-047d7edb2fca/source [39m[32m200[39m [90m390 ms - 15640[39m
[35m[HTTP][39m [90m[39m
[35m[HTTP][39m [37m-->[39m [37mGET[39m [37m/wd/hub/session/b3a581ca-8313-42f0-9663-047d7edb2fca/screenshot[39m
[35m[HTTP][39m [90m{}[39m
[35m[HTTP][39m [37m<-- GET /wd/hub/session/b3a581ca-8313-42f0-9663-047d7edb2fca/screenshot [39m[32m200[39m [90m746 ms - 165472[39m
[35m[HTTP][39m [90m[39m
[35m[HTTP][39m [37m-->[39m [37mPOST[39m [37m/wd/hub/session/b3a581ca-8313-42f0-9663-047d7edb2fca/elements[39m
[35m[HTTP][39m [90m{"using":"xpath","value":"//*[@class = 'android.widget.TextView' and (@text = 'Shopping Cart' or . = 'Shopping Cart')]"}[39m
[35m[HTTP][39m [37m<-- POST /wd/hub/session/b3a581ca-8313-42f0-9663-047d7edb2fca/elements [39m[32m200[39m [90m610 ms - 139[39m
[35m[HTTP][39m [90m[39m
[35m[HTTP][39m [37m-->[39m [37mGET[39m [37m/wd/hub/session/b3a581ca-8313-42f0-9663-047d7edb2fca/window/rect[39m
[35m[HTTP][39m [90m{}[39m
[35m[HTTP][39m [37m<-- GET /wd/hub/session/b3a581ca-8313-42f0-9663-047d7edb2fca/window/rect [39m[32m200[39m [90m23 ms - 50[39m
[35m[HTTP][39m [90m[39m
[35m[HTTP][39m [37m-->[39m [37mPOST[39m [37m/wd/hub/session/b3a581ca-8313-42f0-9663-047d7edb2fca/elements[39m
[35m[HTTP][39m [90m{"using":"xpath","value":"//*[@class = 'android.widget.TextView' and (@text = 'Shopping Cart' or . = 'Shopping Cart')]"}[39m
[35m[HTTP][39m [37m<-- POST /wd/hub/session/b3a581ca-8313-42f0-9663-047d7edb2fca/elements [39m[32m200[39m [90m188 ms - 139[39m
[35m[HTTP][39m [90m[39m
[35m[HTTP][39m [37m-->[39m [37mGET[39m [37m/wd/hub/session/b3a581ca-8313-42f0-9663-047d7edb2fca/element/00000000-0000-0123-ffff-ffff00000107/location[39m
[35m[HTTP][39m [90m{}[39m
[35m[W3C (b3a581ca)][39m Driver proxy active, passing request on via HTTP proxy
[35m[WD Proxy][39m Replacing sessionId 907d7ff7-3ac5-4cae-ab1b-3d91b519eb29 with b3a581ca-8313-42f0-9663-047d7edb2fca
[35m[HTTP][39m [37m<-- GET /wd/hub/session/b3a581ca-8313-42f0-9663-047d7edb2fca/element/00000000-0000-0123-ffff-ffff00000107/location [39m[32m200[39m [90m34 ms - 77[39m
[35m[HTTP][39m [90m[39m
[35m[HTTP][39m [37m-->[39m [37mGET[39m [37m/wd/hub/session/b3a581ca-8313-42f0-9663-047d7edb2fca/element/00000000-0000-0123-ffff-ffff00000107/text[39m
[35m[HTTP][39m [90m{}[39m
[35m[W3C (b3a581ca)][39m Driver proxy active, passing request on via HTTP proxy
[35m[WD Proxy][39m Replacing sessionId 907d7ff7-3ac5-4cae-ab1b-3d91b519eb29 with b3a581ca-8313-42f0-9663-047d7edb2fca
[35m[HTTP][39m [37m<-- GET /wd/hub/session/b3a581ca-8313-42f0-9663-047d7edb2fca/element/00000000-0000-0123-ffff-ffff00000107/text [39m[32m200[39m [90m20 ms - 76[39m
[35m[HTTP][39m [90m[39m
[35m[HTTP][39m [37m-->[39m [37mGET[39m [37m/wd/hub/session/b3a581ca-8313-42f0-9663-047d7edb2fca/source[39m
[35m[HTTP][39m [90m{}[39m
[35m[W3C (b3a581ca)][39m Driver proxy active, passing request on via HTTP proxy
[35m[WD Proxy][39m Replacing sessionId 907d7ff7-3ac5-4cae-ab1b-3d91b519eb29 with b3a581ca-8313-42f0-9663-047d7edb2fca
[35m[HTTP][39m [37m<-- GET /wd/hub/session/b3a581ca-8313-42f0-9663-047d7edb2fca/source [39m[32m200[39m [90m384 ms - 15640[39m
[35m[HTTP][39m [90m[39m
[35m[HTTP][39m [37m-->[39m [37mGET[39m [37m/wd/hub/session/b3a581ca-8313-42f0-9663-047d7edb2fca/screenshot[39m
[35m[HTTP][39m [90m{}[39m
[35m[HTTP][39m [37m<-- GET /wd/hub/session/b3a581ca-8313-42f0-9663-047d7edb2fca/screenshot [39m[32m200[39m [90m766 ms - 165472[39m
[35m[HTTP][39m [90m[39m
[35m[HTTP][39m [37m-->[39m [37mDELETE[39m [37m/wd/hub/session/b3a581ca-8313-42f0-9663-047d7edb2fca[39m
[35m[HTTP][39m [90m{}[39m
[35m[Appium][39m Removing session b3a581ca-8313-42f0-9663-047d7edb2fca from our master session list
[35m[UiAutomator2][39m Restoring hidden api policy to the device default configuration
[35m[HTTP][39m [37m<-- DELETE /wd/hub/session/b3a581ca-8313-42f0-9663-047d7edb2fca [39m[32m200[39m [90m688 ms - 14[39m
[35m[HTTP][39m [90m[39m
